<?xml version="1.0" encoding="UTF-8"?>
<!-- Generated by org.testng.reporters.JUnitReportReporter -->
<testsuite hostname="L3460-H1WD4C2" name="com.hrms.testscripts.TC001" tests="1" failures="0" timestamp="3 Aug 2021 15:41:04 GMT" time="49.515" errors="0">
  <testcase name="tc001" time="49.515" classname="com.hrms.testscripts.TC001"/>
</testsuite> <!-- com.hrms.testscripts.TC001 -->
