<?xml version="1.0" encoding="UTF-8"?>
<!-- Generated by org.testng.reporters.JUnitReportReporter -->
<testsuite hostname="L3460-H1WD4C2" name="com.hrms.testscripts.TC002" tests="1" failures="0" timestamp="3 Aug 2021 15:41:04 GMT" time="58.230" errors="0">
  <testcase name="tc002" time="58.230" classname="com.hrms.testscripts.TC002"/>
</testsuite> <!-- com.hrms.testscripts.TC002 -->
